I tensorflow/stream_executor/dso_loader.cc:135] successfully opened CUDA library libcublas.so.7.5 locally
I tensorflow/stream_executor/dso_loader.cc:135] successfully opened CUDA library libcudnn.so.5 locally
I tensorflow/stream_executor/dso_loader.cc:135] successfully opened CUDA library libcufft.so.7.5 locally
I tensorflow/stream_executor/dso_loader.cc:135] successfully opened CUDA library libcuda.so.1 locally
I tensorflow/stream_executor/dso_loader.cc:135] successfully opened CUDA library libcurand.so.7.5 locally
W tensorflow/core/platform/cpu_feature_guard.cc:45] The TensorFlow library wasn't compiled to use SSE4.1 instructions, but these are available on your machine and could speed up CPU computations.
W tensorflow/core/platform/cpu_feature_guard.cc:45] The TensorFlow library wasn't compiled to use SSE4.2 instructions, but these are available on your machine and could speed up CPU computations.
W tensorflow/core/platform/cpu_feature_guard.cc:45] The TensorFlow library wasn't compiled to use AVX instructions, but these are available on your machine and could speed up CPU computations.
I tensorflow/core/common_runtime/gpu/gpu_device.cc:885] Found device 0 with properties: 
name: Tesla K20Xm
major: 3 minor: 5 memoryClockRate (GHz) 0.732
pciBusID 0000:27:00.0
Total memory: 5.62GiB
Free memory: 5.54GiB
I tensorflow/core/common_runtime/gpu/gpu_device.cc:906] DMA: 0 
I tensorflow/core/common_runtime/gpu/gpu_device.cc:916] 0:   Y 
I tensorflow/core/common_runtime/gpu/gpu_device.cc:975] Creating TensorFlow device (/gpu:0) -> (device: 0, name: Tesla K20Xm, pci bus id: 0000:27:00.0)
E tensorflow/stream_executor/cuda/cuda_driver.cc:1002] failed to allocate 5.62G (6039339008 bytes) from device: CUDA_ERROR_OUT_OF_MEMORY
[2017-04-12 20:29:30,946] Making new env: Breakout-v0
I tensorflow/core/common_runtime/gpu/gpu_device.cc:975] Creating TensorFlow device (/gpu:0) -> (device: 0, name: Tesla K20Xm, pci bus id: 0000:27:00.0)
Traceback (most recent call last):
  File "main.py", line 70, in <module>
    tf.app.run()
  File "/u/jnevens/miniconda2/envs/dqn/lib/python2.7/site-packages/tensorflow/python/platform/app.py", line 44, in run
    _sys.exit(main(_sys.argv[:1] + flags_passthrough))
  File "main.py", line 62, in main
    agent = Agent(config, env, sess)
  File "/svub4/jnevens/AtariDominator/dqn/agent.py", line 30, in __init__
    self.build_dqn()
  File "/svub4/jnevens/AtariDominator/dqn/agent.py", line 313, in build_dqn
    self.summary_ops[tag]  = tf.scalar_summary("%s-%s/%s" % (self.env_name, self.env_type, tag), self.summary_placeholders[tag])
AttributeError: 'module' object has no attribute 'scalar_summary'
